<?xml version="1.0" encoding="UTF-8"?>
<!-- Generated by org.testng.reporters.JUnitReportReporter -->
<testsuite hostname="DESKTOP-U0B8FSO" failures="0" tests="1" name="runner.TestRunner" time="13.510" errors="0" timestamp="2025-03-11T10:56:26 IST" skipped="0">
  <testcase classname="runner.TestRunner" name="runScenario" time="13.510"/>
  <system-out/>
</testsuite> <!-- runner.TestRunner -->
